{"C:\\Users\\kimud\\Desktop\\jest\\__test__\\listMaker.js": {"path":"C:\\Users\\kimud\\Desktop\\jest\\__test__\\listMaker.js","statementMap":{"0":{"start":{"line":2,"column":12},"end":{"line":2,"column":14}},"1":{"start":{"line":4,"column":2},"end":{"line":6,"column":3}},"2":{"start":{"line":4,"column":12},"end":{"line":4,"column":13}},"3":{"start":{"line":5,"column":4},"end":{"line":5,"column":17}},"4":{"start":{"line":7,"column":2},"end":{"line":7,"column":13}}},"fnMap":{"0":{"name":"listMaker","decl":{"start":{"line":1,"column":9},"end":{"line":1,"column":18}},"loc":{"start":{"line":1,"column":28},"end":{"line":8,"column":1}},"line":1}},"branchMap":{"0":{"loc":{"start":{"line":1,"column":19},"end":{"line":1,"column":27}},"type":"default-arg","locations":[{"start":{"line":1,"column":26},"end":{"line":1,"column":27}}],"line":1}},"s":{"0":2,"1":2,"2":2,"3":7,"4":2},"f":{"0":2},"b":{"0":[1]},"_coverageSchema":"1a1c01bbd47fc00a2c39e90264f33305004495a9","hash":"524610489f024a52df72dc5aa2506860f7360220"}
,"C:\\Users\\kimud\\Desktop\\jest\\__test__\\listUser.js": {"path":"C:\\Users\\kimud\\Desktop\\jest\\__test__\\listUser.js","statementMap":{"0":{"start":{"line":4,"column":2},"end":{"line":4,"column":22}}},"fnMap":{"0":{"name":"listUser","decl":{"start":{"line":3,"column":9},"end":{"line":3,"column":17}},"loc":{"start":{"line":3,"column":19},"end":{"line":5,"column":1}},"line":3}},"branchMap":{},"s":{"0":1},"f":{"0":1},"b":{},"_coverageSchema":"1a1c01bbd47fc00a2c39e90264f33305004495a9","hash":"759b813edc2360052d30241444a9ce4130baad98"}
}
